[pepesui.ceo/index.html]
[backblue.gif]
[fade.gif]
[index.html]
[pepesui.ceo/assets/fav/apple-icon-57x57.png]
[pepesui.ceo/assets/fav/apple-icon-60x60.png]
[pepesui.ceo/assets/fav/apple-icon-72x72.png]
[pepesui.ceo/assets/fav/apple-icon-76x76.png]
[pepesui.ceo/assets/fav/apple-icon-114x114.png]
[pepesui.ceo/assets/fav/apple-icon-120x120.png]
[pepesui.ceo/assets/fav/apple-icon-144x144.png]
[pepesui.ceo/assets/fav/apple-icon-152x152.png]
[pepesui.ceo/assets/fav/apple-icon-180x180.png]
[pepesui.ceo/assets/fav/android-icon-192x192.png]
[pepesui.ceo/assets/fav/favicon-32x32.png]
[pepesui.ceo/assets/fav/favfavicon-96x96.png]
[pepesui.ceo/assets/fav/favicon-16x16.png]
[pepesui.ceo/assets/fav/manifest.json]
[pepesui.ceo/ms-icon-144x144.png]
[pepesui.ceo/assets/css/swiper.min.css]
[pepesui.ceo/assets/css/animate.css]
[pepesui.ceo/assets/css/iconfont.css]
[pepesui.ceo/assets/css/font-awesome.min.css]
[pepesui.ceo/assets/css/bootstrap.min.css]
[pepesui.ceo/assets/css/magnific-popup.css]
[pepesui.ceo/assets/css/bootsnav0ff5.css]
[pepesui.ceo/assets/css/style0ff5.css]
[pepesui.ceo/assets/css/custom.css]
[pepesui.ceo/assets/css/responsive.css]
[pepesui.ceo/assets/js/vendor/modernizr-2.8.3-respond-1.4.2.min.js]
[pepesui.ceo/assets/images/loading.gif]
[pepesui.ceo/assets/images/logo2.png]
[pepesui.ceo/assets/images/logo.png]
[pepesui.ceo/assets/images/To-the-moon1.png]
[pepesui.ceo/assets/images/This-is-PepeSui2.png]
[pepesui.ceo/assets/images/This-is-PepeSui.png]
[pepesui.ceo/assets/images/1_rocket.png]
[pepesui.ceo/roadmap/01.png]
[pepesui.ceo/roadmap/02.png]
[pepesui.ceo/roadmap/03.png]
[pepesui.ceo/roadmap/06.png]
[pepesui.ceo/assets/images/PinkSale.png]
[pepesui.ceo/assets/images/DexView.png]
[pepesui.ceo/assets/images/cmc.png]
[pepesui.ceo/assets/images/coingecko.png]
[pepesui.ceo/assets/images/PEPE_SUI_Artronaut.png]
[cdn.jsdelivr.net/particles.js/2.0.0/particles.min.js]
[pepesui.ceo/assets/js/vendor/jquery-1.11.2.min.js]
[pepesui.ceo/assets/js/vendor/bootstrap.min.js]
[pepesui.ceo/assets/js/jquery.magnific-popup.js]
[pepesui.ceo/assets/js/jquery.easing.1.3.js]
[pepesui.ceo/assets/js/swiper.min.js]
[pepesui.ceo/assets/js/jquery.collapse.js]
[pepesui.ceo/assets/js/bootsnav0ff5.js]
[pepesui.ceo/assets/js/plugins.js]
[pepesui.ceo/assets/js/main.js]
[pepesui.ceo/assets/js/countdown0ff5.js]
[cdnjs.cloudflare.com/ajax/libs/vue/2.2.6/vue.min.js]
[unpkg.com/chart.piecelabel.38.delayed]
[pepesui.ceo/index.html]
[pepesui.ceo/assets/fav/favfavicon-96x96.html]
[pepesui.ceo/ms-icon-144x144.html]
[pepesui.ceo/assets/css/swiper.min.css]
[pepesui.ceo/assets/css/animate.css]
[pepesui.ceo/assets/fonts/bootstrapThemesCo-icon9872.eot]
[pepesui.ceo/assets/fonts/bootstrapThemesCo-icon9872.ttf]
[pepesui.ceo/assets/fonts/bootstrapThemesCo-icon9872.woff]
[pepesui.ceo/assets/css/iconfont.css]
[pepesui.ceo/assets/fonts/fontawesome-webfont3e6e.eot]
[pepesui.ceo/assets/fonts/bootstrapThemesCo-icon9872.svg]
[pepesui.ceo/assets/fonts/fontawesome-webfont3e6e.woff2]
[pepesui.ceo/assets/fonts/fontawesome-webfont3e6e.woff]
[pepesui.ceo/assets/fonts/fontawesome-webfontd41d.eot]
[pepesui.ceo/assets/fonts/fontawesome-webfont3e6e.ttf]
[pepesui.ceo/assets/css/font-awesome.min.css]
[pepesui.ceo/assets/fonts/glyphicons-halflings-regular.eot]
[pepesui.ceo/assets/fonts/glyphicons-halflings-regulard41d.eot]
[pepesui.ceo/assets/fonts/glyphicons-halflings-regular.woff]
[pepesui.ceo/assets/fonts/glyphicons-halflings-regular.ttf]
[pepesui.ceo/assets/fonts/glyphicons-halflings-regular.svg]
[pepesui.ceo/assets/css/bootstrap.min.css]
[pepesui.ceo/assets/css/magnific-popup.css]
[pepesui.ceo/assets/css/bootsnav0ff5.css]
[pepesui.ceo/assets/fonts/fontawesome-webfont3e6e.svg]
[pepesui.ceo/assets/images/overlay-img.png]
[pepesui.ceo/assets/css/style0ff5.css]
[pepesui.ceo/assets/css/custom.css]
[pepesui.ceo/assets/css/responsive.css]
[pepesui.ceo/GET]
[pepesui.ceo/assets/js/vendor/modernizr-2.8.3-respond-1.4.2.min.js]
[pepesui.ceo/assets/js/vendor/jquery-1.11.2.min.js]
[pepesui.ceo/PEPE_Whitepaper.pdf]
[pepesui.ceo/roadmap/04.png]
[pepesui.ceo/Popover requires tooltip.4a.delayed]
[pepesui.ceo/assets/js/vendor/bootstrap.min.js]
[pepesui.ceo/assets/js/jquery.magnific-popup.js]
[pepesui.ceo/assets/js/jquery.easing.1.3.js]
[pepesui.ceo/assets/js/swiper.min.js]
[pepesui.ceo/assets/js/jquery.collapse.js]
[pepesui.ceo/assets/js/bootsnav0ff5.js]
[pepesui.ceo/assets/js/plugins.js]
[pepesui.ceo/assets/js/main.js]
[pepesui.ceo/assets/js/countdown0ff5.js]
[pepesui.ceo/assets/fonts/bootstrapThemesCo-icon9872.svg]
[pepesui.ceo/assets/fonts/fontawesome-webfont3e6e.svg]
[pepesui.ceo/assets/fonts/glyphicons-halflings-regular.html]
[pepesui.ceo/assets/fonts/glyphicons-halflings-regulard41d.html]
[pepesui.ceo/assets/fonts/glyphicons-halflings-regular-2.html]
[pepesui.ceo/assets/fonts/glyphicons-halflings-regular-3.html]
[pepesui.ceo/assets/fonts/glyphicons-halflings-regular-4.html]
[pepesui.ceo/assets/images/overlay-img.html]
[pepesui.ceo/GET.html]
[pepesui.ceo/Popover requires tooltip.html]
